  main.cpp
  ofApp.cpp
  Info: Boost.Config is older than your compiler version - probably nothing bad will happen - but you may wish to look for an update Boost version.  Define BOOST_CONFIG_SUPPRESS_OUTDATED_MESSAGE to suppress this message.
  Info: Boost.Config is older than your compiler version - probably nothing bad will happen - but you may wish to look for an update Boost version.  Define BOOST_CONFIG_SUPPRESS_OUTDATED_MESSAGE to suppress this message.
C:\Users\User\of_v0.11.2_vs2017_release\apps\myApps\finalProject216\src\BallPivoting.h(89,27): warning C4018: '<': signed/unsigned mismatch (compiling source file src\main.cpp)
C:\Users\User\of_v0.11.2_vs2017_release\apps\myApps\finalProject216\src\BallPivoting.h(93,31): warning C4018: '<': signed/unsigned mismatch (compiling source file src\main.cpp)
C:\Users\User\of_v0.11.2_vs2017_release\apps\myApps\finalProject216\src\BallPivoting.h(116,27): warning C4018: '<': signed/unsigned mismatch (compiling source file src\main.cpp)
C:\Users\User\of_v0.11.2_vs2017_release\apps\myApps\finalProject216\src\BallPivoting.h(133,27): warning C4018: '<': signed/unsigned mismatch (compiling source file src\main.cpp)
C:\Users\User\of_v0.11.2_vs2017_release\apps\myApps\finalProject216\src\BallPivoting.h(89,27): warning C4018: '<': signed/unsigned mismatch (compiling source file src\ofApp.cpp)
C:\Users\User\of_v0.11.2_vs2017_release\apps\myApps\finalProject216\src\BallPivoting.h(93,31): warning C4018: '<': signed/unsigned mismatch (compiling source file src\ofApp.cpp)
C:\Users\User\of_v0.11.2_vs2017_release\apps\myApps\finalProject216\src\BallPivoting.h(116,27): warning C4018: '<': signed/unsigned mismatch (compiling source file src\ofApp.cpp)
C:\Users\User\of_v0.11.2_vs2017_release\apps\myApps\finalProject216\src\BallPivoting.h(133,27): warning C4018: '<': signed/unsigned mismatch (compiling source file src\ofApp.cpp)
C:\Users\User\of_v0.11.2_vs2017_release\apps\myApps\finalProject216\src\ofApp.cpp(167,31): warning C4018: '<': signed/unsigned mismatch
C:\Users\User\of_v0.11.2_vs2017_release\apps\myApps\finalProject216\src\ofApp.cpp(169,39): warning C4018: '<': signed/unsigned mismatch
     Creating library bin\finalProject216_debug.lib and object bin\finalProject216_debug.exp
  finalProject216.vcxproj -> C:\Users\User\of_v0.11.2_vs2017_release\apps\myApps\finalProject216\bin\finalProject216_debug.exe
  
  	                   2	C:\Users\User\of_v0.11.2_vs2017_release\libs\fmod\lib\vs\Win32\
  	  *EXTRA File 		 6018560	C:\Users\User\of_v0.11.2_vs2017_release\apps\myApps\finalProject216\bin\FreeImage.dll
  
  	                   1	C:\Users\User\of_v0.11.2_vs2017_release\libs\FreeImage\lib\vs\Win32\
  	  *EXTRA File 		 1544704	C:\Users\User\of_v0.11.2_vs2017_release\apps\myApps\finalProject216\bin\fmod.dll
  	  *EXTRA File 		 1733120	C:\Users\User\of_v0.11.2_vs2017_release\apps\myApps\finalProject216\bin\fmodL.dll
